<?xml version="1.0" encoding="UTF-8"?>
<!-- Generated by org.testng.reporters.JUnitReportReporter -->
<testsuite skipped="0" hostname="BLD11312" name="com.crm.qa.testcases.xyz" tests="1" failures="0" timestamp="12 Jul 2018 07:29:00 GMT" time="0.007" errors="0">
  <testcase name="testAbhai" time="0.007" classname="com.crm.qa.testcases.xyz"/>
</testsuite> <!-- com.crm.qa.testcases.xyz -->
