<?xml version="1.0" encoding="UTF-8"?>
<!-- Generated by org.testng.reporters.JUnitReportReporter -->
<testsuite skipped="0" hostname="BLD11312" name="com.crm.qa.tests.SignupPageTest" tests="1" failures="0" timestamp="01 Aug 2018 11:03:39 GMT" time="32.377" errors="0">
  <testcase name="signupPageTest" time="32.377" classname="com.crm.qa.tests.SignupPageTest"/>
</testsuite> <!-- com.crm.qa.tests.SignupPageTest -->
