<?xml version="1.0" encoding="UTF-8"?>
<!-- Generated by org.testng.reporters.JUnitReportReporter -->
<testsuite skipped="0" hostname="BLD11312" name="com.crm.qa.tests.LoginPageTest" tests="3" failures="0" timestamp="13 Aug 2018 12:31:52 GMT" time="52.474" errors="0">
  <testcase name="loginPageTitleTest" time="14.953" classname="com.crm.qa.tests.LoginPageTest"/>
  <testcase name="loginTest" time="25.941" classname="com.crm.qa.tests.LoginPageTest"/>
  <testcase name="crmLogoImageText" time="11.580" classname="com.crm.qa.tests.LoginPageTest"/>
</testsuite> <!-- com.crm.qa.tests.LoginPageTest -->
