<?xml version="1.0" encoding="UTF-8"?>
<!-- Generated by org.testng.reporters.JUnitReportReporter -->
<testsuite skipped="0" hostname="BLD11312" name="com.crm.qa.tests.DealsPageTest" tests="5" failures="0" timestamp="13 Aug 2018 12:31:52 GMT" time="48.363" errors="0">
  <testcase name="initializeBrowser" time="18.083" classname="com.crm.qa.tests.DealsPageTest"/>
  <testcase name="validateCreateNewDeal" time="6.767" classname="com.crm.qa.tests.DealsPageTest"/>
  <testcase name="validateCreateNewDeal" time="7.050" classname="com.crm.qa.tests.DealsPageTest"/>
  <testcase name="validateCreateNewDeal" time="8.020" classname="com.crm.qa.tests.DealsPageTest"/>
  <testcase name="deleteDeal" time="8.443" classname="com.crm.qa.tests.DealsPageTest"/>
</testsuite> <!-- com.crm.qa.tests.DealsPageTest -->
